<?xml version="1.0" encoding="UTF-8" ?>
<testsuite errors="0" failures="0" hostname="DESKTOP-UIOQLRT" name="br.com.caelum.agenda.controller.ContatosControllerTest" skipped="0" tests="2" time="0.33" timestamp="2017-01-31T16:41:00">
  <properties>
[...]
</properties>
  <testcase classname="br.com.caelum.agenda.controller.ContatosControllerTest" name="listarContatos" time="0.182" />
  <testcase classname="br.com.caelum.agenda.controller.ContatosControllerTest" name="salvandoContato" time="0.122" />
  <system-out><![CDATA[]]></system-out>
  <system-err><![CDATA[log4j:WARN No appenders could be found for logger (br.com.caelum.vraptor.proxy.CglibProxifier).
log4j:WARN Please initialize the log4j system properly.
log4j:WARN See http://logging.apache.org/log4j/1.2/faq.html#noconfig for more info.
]]></system-err>
</testsuite>
